<?xml version="1.0" encoding="UTF-8"?>
<testsuite xmlns:xsi="http://www.w3.org/2001/XMLSchema-instance" xsi:noNamespaceSchemaLocation="https://maven.apache.org/surefire/maven-surefire-plugin/xsd/surefire-test-report-3.0.xsd" version="3.0" name="exercTestes.TurmaTest" time="0.039" tests="1" errors="0" skipped="0" failures="1">
  <properties>
[...]
</properties>
  <testcase name="deveMostrarAlunosTela" classname="exercTestes.TurmaTest" time="0.022">
    <failure message="expected: &lt;Matricula: 1, Nome: Rafael, Cpf: 22222222222, Idade: 21&#10;Matricula: 2, Nome: Bruno, Cpf: 33333333333, Idade: 24&gt; but was: &lt;Matricula: 1, Nome: Rafael, Cpf: 22222222222, Idade: 21&#10;Matricula: 1, Nome: Rafael, Cpf: 22222222222, Idade: 21&gt;" type="org.opentest4j.AssertionFailedError"><![CDATA[org.opentest4j.AssertionFailedError: 
expected: <Matricula: 1, Nome: Rafael, Cpf: 22222222222, Idade: 21
Matricula: 2, Nome: Bruno, Cpf: 33333333333, Idade: 24> but was: <Matricula: 1, Nome: Rafael, Cpf: 22222222222, Idade: 21
Matricula: 1, Nome: Rafael, Cpf: 22222222222, Idade: 21>
	at org.junit.jupiter.api.AssertionFailureBuilder.build(AssertionFailureBuilder.java:151)
	at org.junit.jupiter.api.AssertionFailureBuilder.buildAndThrow(AssertionFailureBuilder.java:132)
	at org.junit.jupiter.api.AssertEquals.failNotEqual(AssertEquals.java:197)
	at org.junit.jupiter.api.AssertEquals.assertEquals(AssertEquals.java:182)
	at org.junit.jupiter.api.AssertEquals.assertEquals(AssertEquals.java:177)
	at org.junit.jupiter.api.Assertions.assertEquals(Assertions.java:1145)
	at exercTestes.TurmaTest.deveMostrarAlunosTela(TurmaTest.java:59)
	at java.base/java.lang.reflect.Method.invoke(Method.java:565)
	at java.base/java.util.ArrayList.forEach(ArrayList.java:1604)
	at java.base/java.util.ArrayList.forEach(ArrayList.java:1604)
]]></failure>
  </testcase>
</testsuite>